#
# There is insufficient memory for the Java Runtime Environment to continue.
# Native memory allocation (malloc) failed to allocate 303216 bytes for Chunk::new
# Possible reasons:
#   The system is out of physical RAM or swap space
#   In 32 bit mode, the process size limit was hit
# Possible solutions:
#   Reduce memory load on the system
#   Increase physical memory or swap space
#   Check if swap backing store is full
#   Use 64 bit Java on a 64 bit OS
#   Decrease Java heap size (-Xmx/-Xms)
#   Decrease number of Java threads
#   Decrease Java thread stack sizes (-Xss)
#   Set larger code cache with -XX:ReservedCodeCacheSize=
# This output file may be truncated or incomplete.
#
#  Out of Memory Error (allocation.cpp:390), pid=11228, tid=0x00000000000028bc
#
# JRE version: Java(TM) SE Runtime Environment (8.0_131-b11) (build 1.8.0_131-b11)
# Java VM: Java HotSpot(TM) 64-Bit Server VM (25.131-b11 mixed mode windows-amd64 compressed oops)
# Failed to write core dump. Minidumps are not enabled by default on client versions of Windows
#

---------------  T H R E A D  ---------------

Current thread (0x000000001cdbe000):  JavaThread "C2 CompilerThread1" daemon [_thread_in_native, id=10428, stack(0x000000001f470000,0x000000001f570000)]

Stack: [0x000000001f470000,0x000000001f570000]
[error occurred during error reporting (printing stack bounds), id 0xc0000005]

Native frames: (J=compiled Java code, j=interpreted, Vv=VM code, C=native code)


Current CompileTask:
C2:   3092 3222   !   4       org.jetbrains.kotlin.metadata.ProtoBuf$Type::<init> (875 bytes)


---------------  P R O C E S S  ---------------

Java Threads: ( => current thread )
  0x000000001edad000 JavaThread "Service Thread" daemon [_thread_blocked, id=3080, stack(0x000000001f770000,0x000000001f870000)]
  0x000000001ed0b800 JavaThread "C1 CompilerThread3" daemon [_thread_blocked, id=15024, stack(0x000000001f670000,0x000000001f770000)]
  0x000000001ed0e800 JavaThread "C2 CompilerThread2" daemon [_thread_in_native, id=11692, stack(0x000000001f570000,0x000000001f670000)]
=>0x000000001cdbe000 JavaThread "C2 CompilerThread1" daemon [_thread_in_native, id=10428, stack(0x000000001f470000,0x000000001f570000)]
  0x000000001cdb8800 JavaThread "C2 CompilerThread0" daemon [_thread_in_native, id=3440, stack(0x000000001f370000,0x000000001f470000)]
  0x000000001ed07000 JavaThread "Attach Listener" daemon [_thread_blocked, id=13836, stack(0x000000001f270000,0x000000001f370000)]
  0x000000001ecb5000 JavaThread "Signal Dispatcher" daemon [_thread_blocked, id=6740, stack(0x000000001f170000,0x000000001f270000)]
  0x000000001ec90800 JavaThread "Finalizer" daemon [_thread_blocked, id=11164, stack(0x000000001f070000,0x000000001f170000)]
  0x000000001cdad800 JavaThread "Reference Handler" daemon [_thread_blocked, id=6984, stack(0x000000001eb70000,0x000000001ec70000)]
  0x00000000031f7000 JavaThread "main" [_thread_in_Java, id=15616, stack(0x0000000003000000,0x0000000003100000)]

Other Threads:
  0x000000001cda9800 VMThread [stack: 0x000000001ea70000,0x000000001eb70000] [id=19400]
  0x000000001ee28000 WatcherThread [stack: 0x000000001f870000,0x000000001f970000] [id=17456]

VM state:not at safepoint (normal execution)

VM Mutex/Monitor currently owned by a thread:  ([mutex/lock_event])
[0x00000000031f50a0] MethodData_lock - owner thread: 0x00000000031f7000

Heap:
 PSYoungGen      total 103936K, used 46300K [0x000000076ae00000, 0x0000000771f80000, 0x00000007c0000000)
  eden space 93184K, 49% used [0x000000076ae00000,0x000000076db37250,0x0000000770900000)
  from space 10752K, 0% used [0x0000000771380000,0x0000000771380000,0x0000000771e00000)
  to   space 10752K, 0% used [0x0000000770900000,0x0000000770900000,0x0000000771380000)
 ParOldGen       total 117248K, used 19678K [0x00000006c0a00000, 0x00000006c7c80000, 0x000000076ae00000)
  object space 117248K, 16% used [0x00000006c0a00000,0x00000006c1d37840,0x00000006c7c80000)
 Metaspace       used 41061K, capacity 41690K, committed 41984K, reserved 1085440K
  class space    used 5401K, capacity 5575K, committed 5632K, reserved 1048576K

Card table byte_map: [0x00000000126b0000,0x0000000012eb0000] byte_map_base: 0x000000000f0ab000

Marking Bits: (ParMarkBitMap*) 0x0000000062dec720
 Begin Bits: [0x0000000013c10000, 0x0000000017be8000)
 End Bits:   [0x0000000017be8000, 0x000000001bbc0000)

Polling page: 0x00000000009f0000

CodeCache: size=245760Kb used=10184Kb max_used=10184Kb free=235575Kb
 bounds [0x00000000032f0000, 0x0000000003cf0000, 0x00000000122f0000]
 total_blobs=3664 nmethods=3217 adapters=357
 compilation: disabled (not enough contiguous free space left)

Compilation events (10 events):
Event: 3.077 Thread 0x000000001ed0e800 nmethod 3224 0x0000000003cce690 code [0x0000000003cce7e0, 0x0000000003cce8e8]
Event: 3.077 Thread 0x000000001ed0b800 nmethod 3215 0x0000000003ccead0 code [0x0000000003cced00, 0x0000000003ccf998]
Event: 3.077 Thread 0x000000001ed0b800 3226   !   3       org.jetbrains.kotlin.metadata.jvm.JvmProtoBuf$JvmMethodSignature::<init> (286 bytes)
Event: 3.078 Thread 0x000000001ed0e800 3232       4       org.jetbrains.kotlin.metadata.ProtoBuf$Type::<init> (7 bytes)
Event: 3.079 Thread 0x000000001ed0e800 nmethod 3232 0x0000000003ce0e10 code [0x0000000003ce0f60, 0x0000000003ce0fe8]
Event: 3.079 Thread 0x000000001ed0b800 nmethod 3226 0x0000000003ce3d90 code [0x0000000003ce4140, 0x0000000003ce6a08]
Event: 3.079 Thread 0x000000001ed0b800 3231   !   3       org.jetbrains.kotlin.metadata.ProtoBuf$Annotation::<init> (344 bytes)
Event: 3.080 Thread 0x000000001ed0e800 3238   !   4       org.jetbrains.kotlin.metadata.ProtoBuf$Function::<init> (1112 bytes)
Event: 3.082 Thread 0x000000001ed0b800 nmethod 3231 0x0000000003ce7f10 code [0x0000000003ce8420, 0x0000000003cec258]
Event: 3.082 Thread 0x000000001ed0b800 3237   !   3       org.jetbrains.kotlin.metadata.ProtoBuf$TypeParameter::<init> (662 bytes)

GC Heap History (10 events):
Event: 1.222 GC heap before
{Heap before GC invocations=2 (full 0):
 PSYoungGen      total 76288K, used 29624K [0x000000076ae00000, 0x0000000770300000, 0x00000007c0000000)
  eden space 65536K, 28% used [0x000000076ae00000,0x000000076c072340,0x000000076ee00000)
  from space 10752K, 99% used [0x000000076ee00000,0x000000076f87be80,0x000000076f880000)
  to   space 10752K, 0% used [0x000000076f880000,0x000000076f880000,0x0000000770300000)
 ParOldGen       total 175104K, used 4961K [0x00000006c0a00000, 0x00000006cb500000, 0x000000076ae00000)
  object space 175104K, 2% used [0x00000006c0a00000,0x00000006c0ed8510,0x00000006cb500000)
 Metaspace       used 20761K, capacity 21166K, committed 21296K, reserved 1069056K
  class space    used 2502K, capacity 2653K, committed 2688K, reserved 1048576K
Event: 1.230 GC heap after
Heap after GC invocations=2 (full 0):
 PSYoungGen      total 76288K, used 9717K [0x000000076ae00000, 0x0000000770300000, 0x00000007c0000000)
  eden space 65536K, 0% used [0x000000076ae00000,0x000000076ae00000,0x000000076ee00000)
  from space 10752K, 90% used [0x000000076f880000,0x00000007701fd608,0x0000000770300000)
  to   space 10752K, 0% used [0x000000076ee00000,0x000000076ee00000,0x000000076f880000)
 ParOldGen       total 175104K, used 5033K [0x00000006c0a00000, 0x00000006cb500000, 0x000000076ae00000)
  object space 175104K, 2% used [0x00000006c0a00000,0x00000006c0eea520,0x00000006cb500000)
 Metaspace       used 20761K, capacity 21166K, committed 21296K, reserved 1069056K
  class space    used 2502K, capacity 2653K, committed 2688K, reserved 1048576K
}
Event: 1.230 GC heap before
{Heap before GC invocations=3 (full 1):
 PSYoungGen      total 76288K, used 9717K [0x000000076ae00000, 0x0000000770300000, 0x00000007c0000000)
  eden space 65536K, 0% used [0x000000076ae00000,0x000000076ae00000,0x000000076ee00000)
  from space 10752K, 90% used [0x000000076f880000,0x00000007701fd608,0x0000000770300000)
  to   space 10752K, 0% used [0x000000076ee00000,0x000000076ee00000,0x000000076f880000)
 ParOldGen       total 175104K, used 5033K [0x00000006c0a00000, 0x00000006cb500000, 0x000000076ae00000)
  object space 175104K, 2% used [0x00000006c0a00000,0x00000006c0eea520,0x00000006cb500000)
 Metaspace       used 20761K, capacity 21166K, committed 21296K, reserved 1069056K
  class space    used 2502K, capacity 2653K, committed 2688K, reserved 1048576K
Event: 1.259 GC heap after
Heap after GC invocations=3 (full 1):
 PSYoungGen      total 76288K, used 0K [0x000000076ae00000, 0x0000000770300000, 0x00000007c0000000)
  eden space 65536K, 0% used [0x000000076ae00000,0x000000076ae00000,0x000000076ee00000)
  from space 10752K, 0% used [0x000000076f880000,0x000000076f880000,0x0000000770300000)
  to   space 10752K, 0% used [0x000000076ee00000,0x000000076ee00000,0x000000076f880000)
 ParOldGen       total 117248K, used 9449K [0x00000006c0a00000, 0x00000006c7c80000, 0x000000076ae00000)
  object space 117248K, 8% used [0x00000006c0a00000,0x00000006c133a5f0,0x00000006c7c80000)
 Metaspace       used 20761K, capacity 21166K, committed 21296K, reserved 1069056K
  class space    used 2502K, capacity 2653K, committed 2688K, reserved 1048576K
}
Event: 2.121 GC heap before
{Heap before GC invocations=4 (full 1):
 PSYoungGen      total 76288K, used 65536K [0x000000076ae00000, 0x0000000770300000, 0x00000007c0000000)
  eden space 65536K, 100% used [0x000000076ae00000,0x000000076ee00000,0x000000076ee00000)
  from space 10752K, 0% used [0x000000076f880000,0x000000076f880000,0x0000000770300000)
  to   space 10752K, 0% used [0x000000076ee00000,0x000000076ee00000,0x000000076f880000)
 ParOldGen       total 117248K, used 9449K [0x00000006c0a00000, 0x00000006c7c80000, 0x000000076ae00000)
  object space 117248K, 8% used [0x00000006c0a00000,0x00000006c133a5f0,0x00000006c7c80000)
 Metaspace       used 29588K, capacity 30122K, committed 30208K, reserved 1075200K
  class space    used 3681K, capacity 3830K, committed 3840K, reserved 1048576K
Event: 2.131 GC heap after
Heap after GC invocations=4 (full 1):
 PSYoungGen      total 76288K, used 10750K [0x000000076ae00000, 0x0000000771e00000, 0x00000007c0000000)
  eden space 65536K, 0% used [0x000000076ae00000,0x000000076ae00000,0x000000076ee00000)
  from space 10752K, 99% used [0x000000076ee00000,0x000000076f87f9c8,0x000000076f880000)
  to   space 10752K, 0% used [0x0000000771380000,0x0000000771380000,0x0000000771e00000)
 ParOldGen       total 117248K, used 15023K [0x00000006c0a00000, 0x00000006c7c80000, 0x000000076ae00000)
  object space 117248K, 12% used [0x00000006c0a00000,0x00000006c18abe90,0x00000006c7c80000)
 Metaspace       used 29588K, capacity 30122K, committed 30208K, reserved 1075200K
  class space    used 3681K, capacity 3830K, committed 3840K, reserved 1048576K
}
Event: 2.500 GC heap before
{Heap before GC invocations=5 (full 1):
 PSYoungGen      total 76288K, used 35899K [0x000000076ae00000, 0x0000000771e00000, 0x00000007c0000000)
  eden space 65536K, 38% used [0x000000076ae00000,0x000000076c68f260,0x000000076ee00000)
  from space 10752K, 99% used [0x000000076ee00000,0x000000076f87f9c8,0x000000076f880000)
  to   space 10752K, 0% used [0x0000000771380000,0x0000000771380000,0x0000000771e00000)
 ParOldGen       total 117248K, used 15023K [0x00000006c0a00000, 0x00000006c7c80000, 0x000000076ae00000)
  object space 117248K, 12% used [0x00000006c0a00000,0x00000006c18abe90,0x00000006c7c80000)
 Metaspace       used 34751K, capacity 35246K, committed 35456K, reserved 1079296K
  class space    used 4528K, capacity 4677K, committed 4736K, reserved 1048576K
Event: 2.508 GC heap after
Heap after GC invocations=5 (full 1):
 PSYoungGen      total 103936K, used 10747K [0x000000076ae00000, 0x0000000771f80000, 0x00000007c0000000)
  eden space 93184K, 0% used [0x000000076ae00000,0x000000076ae00000,0x0000000770900000)
  from space 10752K, 99% used [0x0000000771380000,0x0000000771dfecb8,0x0000000771e00000)
  to   space 10752K, 0% used [0x0000000770900000,0x0000000770900000,0x0000000771380000)
 ParOldGen       total 117248K, used 18280K [0x00000006c0a00000, 0x00000006c7c80000, 0x000000076ae00000)
  object space 117248K, 15% used [0x00000006c0a00000,0x00000006c1bda3a0,0x00000006c7c80000)
 Metaspace       used 34751K, capacity 35246K, committed 35456K, reserved 1079296K
  class space    used 4528K, capacity 4677K, committed 4736K, reserved 1048576K
}
Event: 2.508 GC heap before
{Heap before GC invocations=6 (full 2):
 PSYoungGen      total 103936K, used 10747K [0x000000076ae00000, 0x0000000771f80000, 0x00000007c0000000)
  eden space 93184K, 0% used [0x000000076ae00000,0x000000076ae00000,0x0000000770900000)
  from space 10752K, 99% used [0x0000000771380000,0x0000000771dfecb8,0x0000000771e00000)
  to   space 10752K, 0% used [0x0000000770900000,0x0000000770900000,0x0000000771380000)
 ParOldGen       total 117248K, used 18280K [0x00000006c0a00000, 0x00000006c7c80000, 0x000000076ae00000)
  object space 117248K, 15% used [0x00000006c0a00000,0x00000006c1bda3a0,0x00000006c7c80000)
 Metaspace       used 34751K, capacity 35246K, committed 35456K, reserved 1079296K
  class space    used 4528K, capacity 4677K, committed 4736K, reserved 1048576K
Event: 2.551 GC heap after
Heap after GC invocations=6 (full 2):
 PSYoungGen      total 103936K, used 0K [0x000000076ae00000, 0x0000000771f80000, 0x00000007c0000000)
  eden space 93184K, 0% used [0x000000076ae00000,0x000000076ae00000,0x0000000770900000)
  from space 10752K, 0% used [0x0000000771380000,0x0000000771380000,0x0000000771e00000)
  to   space 10752K, 0% used [0x0000000770900000,0x0000000770900000,0x0000000771380000)
 ParOldGen       total 117248K, used 19678K [0x00000006c0a00000, 0x00000006c7c80000, 0x000000076ae00000)
  object space 117248K, 16% used [0x00000006c0a00000,0x00000006c1d37840,0x00000006c7c80000)
 Metaspace       used 34751K, capacity 35246K, committed 35456K, reserved 1079296K
  class space    used 4528K, capacity 4677K, committed 4736K, reserved 1048576K
}

Deoptimization events (10 events):
Event: 2.846 Thread 0x00000000031f7000 Uncommon trap: reason=class_check action=maybe_recompile pc=0x0000000003b7503c method=org.jetbrains.kotlin.com.intellij.openapi.util.text.StringUtilRt.lastIndexOf(Ljava/lang/CharSequence;CII)I @ 17
Event: 2.846 Thread 0x00000000031f7000 Uncommon trap: reason=class_check action=maybe_recompile pc=0x0000000003b7503c method=org.jetbrains.kotlin.com.intellij.openapi.util.text.StringUtilRt.lastIndexOf(Ljava/lang/CharSequence;CII)I @ 17
Event: 2.846 Thread 0x00000000031f7000 Uncommon trap: reason=class_check action=maybe_recompile pc=0x0000000003b7503c method=org.jetbrains.kotlin.com.intellij.openapi.util.text.StringUtilRt.lastIndexOf(Ljava/lang/CharSequence;CII)I @ 17
Event: 2.846 Thread 0x00000000031f7000 Uncommon trap: reason=class_check action=maybe_recompile pc=0x0000000003b7503c method=org.jetbrains.kotlin.com.intellij.openapi.util.text.StringUtilRt.lastIndexOf(Ljava/lang/CharSequence;CII)I @ 17
Event: 2.846 Thread 0x00000000031f7000 Uncommon trap: reason=unstable_if action=reinterpret pc=0x0000000003b2e3bc method=org.jetbrains.kotlin.com.intellij.lang.LanguageExtension.forLanguage(Lorg/jetbrains/kotlin/com/intellij/lang/Language;)Ljava/lang/Object; @ 19
Event: 2.980 Thread 0x00000000031f7000 Uncommon trap: reason=unstable_if action=reinterpret pc=0x0000000003af0600 method=org.jetbrains.kotlin.com.intellij.lang.impl.PsiBuilderImpl.skipWhitespace()V @ 51
Event: 2.991 Thread 0x00000000031f7000 Uncommon trap: reason=class_check action=maybe_recompile pc=0x0000000003b1ce08 method=org.jetbrains.kotlin.com.intellij.psi.impl.source.tree.SharedImplUtil.findFileElement(Lorg/jetbrains/kotlin/com/intellij/lang/ASTNode;)Lorg/jetbrains/kotlin/com/intellij
Event: 2.991 Thread 0x00000000031f7000 Uncommon trap: reason=class_check action=maybe_recompile pc=0x0000000003b1ce08 method=org.jetbrains.kotlin.com.intellij.psi.impl.source.tree.SharedImplUtil.findFileElement(Lorg/jetbrains/kotlin/com/intellij/lang/ASTNode;)Lorg/jetbrains/kotlin/com/intellij
Event: 2.991 Thread 0x00000000031f7000 Uncommon trap: reason=class_check action=maybe_recompile pc=0x0000000003b1ce08 method=org.jetbrains.kotlin.com.intellij.psi.impl.source.tree.SharedImplUtil.findFileElement(Lorg/jetbrains/kotlin/com/intellij/lang/ASTNode;)Lorg/jetbrains/kotlin/com/intellij
Event: 2.991 Thread 0x00000000031f7000 Uncommon trap: reason=class_check action=maybe_recompile pc=0x0000000003b1ce08 method=org.jetbrains.kotlin.com.intellij.psi.impl.source.tree.SharedImplUtil.findFileElement(Lorg/jetbrains/kotlin/com/intellij/lang/ASTNode;)Lorg/jetbrains/kotlin/com/intellij

Internal exceptions (10 events):
Event: 1.941 Thread 0x00000000031f7000 Exception <a 'java/lang/ArrayIndexOutOfBoundsException': 126> (0x000000076deeb910) thrown at [C:\re\workspace\8-2-build-windows-amd64-cygwin\jdk8u131\8869\hotspot\src\share\vm\interpreter\interpreterRuntime.cpp, line 366]
Event: 1.942 Thread 0x00000000031f7000 Exception <a 'java/lang/ArrayIndexOutOfBoundsException': 86> (0x000000076deecd98) thrown at [C:\re\workspace\8-2-build-windows-amd64-cygwin\jdk8u131\8869\hotspot\src\share\vm\interpreter\interpreterRuntime.cpp, line 366]
Event: 2.472 Thread 0x00000000031f7000 Exception <a 'java/lang/NoSuchMethodError': java.lang.Object.lambda$static$0(I)[Lorg/jetbrains/kotlin/psi/KtExpression;> (0x000000076c4338a0) thrown at [C:\re\workspace\8-2-build-windows-amd64-cygwin\jdk8u131\8869\hotspot\src\share\vm\interpreter\linkReso
Event: 2.487 Thread 0x00000000031f7000 Implicit null exception at 0x0000000003a4a001 to 0x0000000003a4a145
Event: 2.633 Thread 0x00000000031f7000 Exception <a 'java/lang/NoSuchMethodError': java.lang.Object.lambda$static$0(I)[Lorg/jetbrains/kotlin/psi/KtDeclaration;> (0x000000076b232a90) thrown at [C:\re\workspace\8-2-build-windows-amd64-cygwin\jdk8u131\8869\hotspot\src\share\vm\interpreter\linkRes
Event: 2.652 Thread 0x00000000031f7000 Exception <a 'java/lang/NoSuchMethodError': java.lang.Object.lambda$static$0(I)[Lorg/jetbrains/kotlin/psi/KtTypeElement;> (0x000000076b381320) thrown at [C:\re\workspace\8-2-build-windows-amd64-cygwin\jdk8u131\8869\hotspot\src\share\vm\interpreter\linkRes
Event: 2.956 Thread 0x00000000031f7000 Exception <a 'java/lang/NoSuchMethodError': java.lang.Object.lambda$static$0(I)[Lorg/jetbrains/kotlin/com/intellij/psi/PsiClass;> (0x000000076c9d0d18) thrown at [C:\re\workspace\8-2-build-windows-amd64-cygwin\jdk8u131\8869\hotspot\src\share\vm\interpreter
Event: 2.981 Thread 0x00000000031f7000 Exception <a 'java/lang/NoSuchMethodError': java.lang.Object.lambda$static$0(I)[Lorg/jetbrains/kotlin/com/intellij/psi/PsiReference;> (0x000000076cb4ca60) thrown at [C:\re\workspace\8-2-build-windows-amd64-cygwin\jdk8u131\8869\hotspot\src\share\vm\interpr
Event: 2.987 Thread 0x00000000031f7000 Exception <a 'java/lang/NoSuchMethodError': java.lang.Object.lambda$static$0(I)[Lorg/jetbrains/kotlin/com/intellij/psi/PsiTypeElement;> (0x000000076cba1158) thrown at [C:\re\workspace\8-2-build-windows-amd64-cygwin\jdk8u131\8869\hotspot\src\share\vm\inter
Event: 3.004 Thread 0x00000000031f7000 Exception <a 'java/lang/NoSuchMethodError': java.lang.Object.lambda$static$0(I)[Lorg/jetbrains/kotlin/com/intellij/psi/PsiTypeParameter;> (0x000000076cc86630) thrown at [C:\re\workspace\8-2-build-windows-amd64-cygwin\jdk8u131\8869\hotspot\src\share\vm\int

Events (10 events):
Event: 3.025 loading class org/jetbrains/kotlin/resolve/OverrideResolver$Companion$createCannotInferVisibilityReporter$1
Event: 3.025 loading class org/jetbrains/kotlin/resolve/OverrideResolver$Companion$createCannotInferVisibilityReporter$1 done
Event: 3.025 loading class org/jetbrains/kotlin/diagnostics/DiagnosticSink$1
Event: 3.025 loading class org/jetbrains/kotlin/diagnostics/DiagnosticSink$1 done
Event: 3.026 loading class org/jetbrains/kotlin/diagnostics/DiagnosticSink$2
Event: 3.026 loading class org/jetbrains/kotlin/diagnostics/DiagnosticSink$2 done
Event: 3.026 loading class org/jetbrains/kotlin/psi/KtNamedDeclarationUtil
Event: 3.026 loading class org/jetbrains/kotlin/psi/KtNamedDeclarationUtil done
Event: 3.078 loading class org/jetbrains/kotlin/metadata/ProtoBuf$1
Event: 3.078 loading class org/jetbrains/kotlin/metadata/ProtoBuf$1 done


Dynamic libraries:
0x00007ff611d70000 - 0x00007ff611da7000 	C:\Program Files\Java\jdk1.8.0_131\jre\bin\java.exe
0x00007ffa25650000 - 0x00007ffa25844000 	C:\Windows\SYSTEM32\ntdll.dll
0x00007ffa245a0000 - 0x00007ffa2465d000 	C:\Windows\System32\KERNEL32.DLL
0x00007ffa22f20000 - 0x00007ffa231e7000 	C:\Windows\System32\KERNELBASE.dll
0x00007ffa251e0000 - 0x00007ffa2528a000 	C:\Windows\System32\ADVAPI32.dll
0x00007ffa24660000 - 0x00007ffa246fe000 	C:\Windows\System32\msvcrt.dll
0x00007ffa25290000 - 0x00007ffa2532b000 	C:\Windows\System32\sechost.dll
0x00007ffa24e60000 - 0x00007ffa24f83000 	C:\Windows\System32\RPCRT4.dll
0x00007ffa23800000 - 0x00007ffa239a0000 	C:\Windows\System32\USER32.dll
0x00007ffa22d90000 - 0x00007ffa22db2000 	C:\Windows\System32\win32u.dll
0x00007ffa250e0000 - 0x00007ffa2510a000 	C:\Windows\System32\GDI32.dll
0x00007ffa23450000 - 0x00007ffa2355a000 	C:\Windows\System32\gdi32full.dll
0x00007ffa233b0000 - 0x00007ffa2344d000 	C:\Windows\System32\msvcp_win.dll
0x00007ffa235b0000 - 0x00007ffa236b0000 	C:\Windows\System32\ucrtbase.dll
0x00007ffa1a060000 - 0x00007ffa1a2fa000 	C:\Windows\WinSxS\amd64_microsoft.windows.common-controls_6595b64144ccf1df_6.0.19041.1_none_b555e41d4684ddec\COMCTL32.dll
0x00007ffa236b0000 - 0x00007ffa236e0000 	C:\Windows\System32\IMM32.DLL
0x0000000062e70000 - 0x0000000062f42000 	C:\Program Files\Java\jdk1.8.0_131\jre\bin\msvcr100.dll
0x00000000625d0000 - 0x0000000062e6c000 	C:\Program Files\Java\jdk1.8.0_131\jre\bin\server\jvm.dll
0x00007ffa24700000 - 0x00007ffa24708000 	C:\Windows\System32\PSAPI.DLL
0x00007ffa1a300000 - 0x00007ffa1a327000 	C:\Windows\SYSTEM32\WINMM.dll
0x00007ffa1a800000 - 0x00007ffa1a809000 	C:\Windows\SYSTEM32\WSOCK32.dll
0x00007ffa1d400000 - 0x00007ffa1d40a000 	C:\Windows\SYSTEM32\VERSION.dll
0x00007ffa25110000 - 0x00007ffa2517b000 	C:\Windows\System32\WS2_32.dll
0x00000000625c0000 - 0x00000000625cf000 	C:\Program Files\Java\jdk1.8.0_131\jre\bin\verify.dll
0x0000000062590000 - 0x00000000625b9000 	C:\Program Files\Java\jdk1.8.0_131\jre\bin\java.dll
0x0000000062570000 - 0x0000000062586000 	C:\Program Files\Java\jdk1.8.0_131\jre\bin\zip.dll
0x00007ffa239a0000 - 0x00007ffa240d1000 	C:\Windows\System32\SHELL32.dll
0x00007ffa20f40000 - 0x00007ffa216ca000 	C:\Windows\SYSTEM32\windows.storage.dll
0x00007ffa24240000 - 0x00007ffa24594000 	C:\Windows\System32\combase.dll
0x00007ffa22740000 - 0x00007ffa2276b000 	C:\Windows\SYSTEM32\Wldp.dll
0x00007ffa24d20000 - 0x00007ffa24dce000 	C:\Windows\System32\SHCORE.dll
0x00007ffa25080000 - 0x00007ffa250d5000 	C:\Windows\System32\shlwapi.dll
0x00007ffa22cd0000 - 0x00007ffa22cef000 	C:\Windows\SYSTEM32\profapi.dll
0x0000000062550000 - 0x000000006256a000 	C:\Program Files\Java\jdk1.8.0_131\jre\bin\net.dll
0x00007ffa224c0000 - 0x00007ffa2252a000 	C:\Windows\system32\mswsock.dll
0x0000000062530000 - 0x0000000062541000 	C:\Program Files\Java\jdk1.8.0_131\jre\bin\nio.dll

VM Arguments:
java_command: org.jetbrains.kotlin.cli.jvm.K2JVMCompiler -Xallow-no-source-files -classpath D:\ychong\lan_file_sharing\app\build\intermediates\compile_and_runtime_not_namespaced_r_class_jar\debug\R.jar;C:\Users\Administrator\.gradle\caches\transforms-2\files-2.1\b054b367096b714b07f2e0549301451b\jetified-commons-net-3.6.jar;C:\Users\Administrator\.gradle\caches\transforms-2\files-2.1\ea382a552cedcfca40b93821400d2ebd\jetified-tbs_sdk_thirdapp_v4.3.0.3_43903_sharewithdownloadwithfile_withoutGame_obfs_20200402_121309.jar;C:\Users\Administrator\.gradle\caches\transforms-2\files-2.1\e2ba81ab286de068bda66893890c326a\jetified-viewbinding-4.0.0-api.jar;C:\Users\Administrator\.gradle\caches\transforms-2\files-2.1\58717fd35b9f8892fe9be42af9e828a2\jetified-core-ktx-1.3.0-api.jar;C:\Users\Administrator\.gradle\caches\transforms-2\files-2.1\eeef0f21405bb287bcf148925f3e5e91\material-1.1.0-api.jar;C:\Users\Administrator\.gradle\caches\transforms-2\files-2.1\6346ad293ce0dc7ca4519590745d37e2\appcompat-1.1.0-api.jar;C:\Users\Administrator\.gradle\caches\transforms-2\files-2.1\d0c63a7a101654decc65ae73e9257b33\jetified-viewpager2-1.0.0-api.jar;C:\Users\Administrator\.gradle\caches\transforms-2\files-2.1\bad9133806d0e6c17c5a646b095e10cf\fragment-1.1.0-api.jar;C:\Users\Administrator\.gradle\caches\transforms-2\files-2.1\573ac89088ae58f443ffe889cc5549e3\jetified-appcompat-resources-1.1.0-api.jar;C:\Users\Administrator\.gradle\caches\transforms-2\files-2.1\bbaf16160d0fa95398e1045beb1d0010\drawerlayout-1.0.0-api.jar;C:\Users\Administrator\.gradle\caches\transforms-2\files-2.1\1460137d85809609fdcc8512d6e2c9e2\coordinatorlayout-1.1.0-api.jar;C:\Users\Administrator\.gradle\caches\transforms-2\files-2.1\b6bed05d1c4106fab5126f54516d34fa\recyclerview-1.1.0-api.jar;C:\Users\Administrator\.gradle\caches\transforms-2\files-2.1\2661eb261d7576f62d39d1ab1591aed0\transition-1.2.0-api.jar;C:\Users\Administrator\.gradle\caches\transforms-2\files-2.1\09f1405faca12a7c354e1276ae92d60a\vectordrawable-animate
java_class_path (initial): C:\Users\Administrator\.gradle\caches\modules-2\files-2.1\org.jetbrains.kotlin\kotlin-compiler-embeddable\1.3.72\fb72232c8fa977d5e07d33c43381ddbdc5edab6\kotlin-compiler-embeddable-1.3.72.jar;C:\Users\Administrator\.gradle\caches\modules-2\files-2.1\org.jetbrains.kotlin\kotlin-reflect\1.3.72\86613e1a669a701b0c660bfd2af4f82a7ae11fca\kotlin-reflect-1.3.72.jar;C:\Users\Administrator\.gradle\caches\modules-2\files-2.1\org.jetbrains.kotlin\kotlin-stdlib\1.3.72\8032138f12c0180bc4e51fe139d4c52b46db6109\kotlin-stdlib-1.3.72.jar;C:\Users\Administrator\.gradle\caches\modules-2\files-2.1\org.jetbrains.kotlin\kotlin-script-runtime\1.3.72\657d8d34d91e1964b4439378c09933e840bfe8d5\kotlin-script-runtime-1.3.72.jar;C:\Users\Administrator\.gradle\caches\modules-2\files-2.1\org.jetbrains.kotlin\kotlin-daemon-embeddable\1.3.72\53bbaa2816dbf6bdb85f629451b1fcc88f2164d2\kotlin-daemon-embeddable-1.3.72.jar;C:\Users\Administrator\.gradle\caches\modules-2\files-2.1\org.jetbrains.intellij.deps\trove4j\1.0.20181211\216c2e14b070f334479d800987affe4054cd563f\trove4j-1.0.20181211.jar;C:\Users\Administrator\.gradle\caches\modules-2\files-2.1\org.jetbrains.kotlin\kotlin-stdlib-common\1.3.72\6ca8bee3d88957eaaaef077c41c908c9940492d8\kotlin-stdlib-common-1.3.72.jar;C:\Users\Administrator\.gradle\caches\modules-2\files-2.1\org.jetbrains\annotations\13.0\919f0dfe192fb4e063e7dacadee7f8bb9a2672a9\annotations-13.0.jar;C:\Program Files\Java\jdk1.8.0_131\lib\tools.jar
Launcher Type: SUN_STANDARD

Environment Variables:
JAVA_HOME=C:\Program Files\Java\jdk1.8.0_131
CLASSPATH=.;C:\Program Files\Java\jdk1.8.0_131\lib;C:\Program Files\Java\jdk1.8.0_131\lib\tools.jar
PATH=C:\ProgramData\Oracle\Java\javapath;C:\Windows\system32;C:\Windows;C:\Windows\System32\Wbem;C:\Windows\System32\WindowsPowerShell\v1.0\;C:\Windows\System32\OpenSSH\;D:\install\Git\cmd;C:\Program Files\Java\jdk1.8.0_131\bin;C:\Users\Administrator\AppData\Local\Microsoft\WindowsApps;;D:\install\Microsoft VS Code\bin;D:\install\Fiddler
USERNAME=Administrator
OS=Windows_NT
PROCESSOR_IDENTIFIER=Intel64 Family 6 Model 60 Stepping 3, GenuineIntel



---------------  S Y S T E M  ---------------

OS: Windows 10.0 , 64 bit Build 19041 (10.0.19041.207)

CPU:total 8 (initial active 8) (4 cores per cpu, 2 threads per core) family 6 model 60 stepping 3, cmov, cx8, fxsr, mmx, sse, sse2, sse3, ssse3, sse4.1, sse4.2, popcnt, avx, avx2, aes, clmul, erms, lzcnt, ht, tsc, tscinvbit, bmi1, bmi2

Memory: 4k page, physical 16734500k(8392848k free), swap 22528012k(5136k free)

vm_info: Java HotSpot(TM) 64-Bit Server VM (25.131-b11) for windows-amd64 JRE (1.8.0_131-b11), built on Mar 15 2017 01:23:53 by "java_re" with MS VC++ 10.0 (VS2010)

time: Sun Jun 28 11:03:55 2020
elapsed time: 3 seconds (0d 0h 0m 3s)

